<beans xmlns="http://www.springframework.org/schema/beans"
	xmlns:xsi="http://www.w3.org/2001/XMLSchema-instance"
	xmlns:sws="http://www.springframework.org/schema/web-services"
	xsi:schemaLocation="http://www.springframework.org/schema/beans http://www.springframework.org/schema/beans/spring-beans-4.0.xsd
		http://www.springframework.org/schema/web-services http://www.springframework.org/schema/web-services/web-services-2.2.xsd">

	<sws:annotation-driven />
	
	<bean id="helloWorldService" class="net.gfu.seminar.springws.HelloWorldEndpoint"/>
	
</beans>
